// 重构日志: 8962f574
// 重构日志: 6e6e53b8
// 重构日志: 0a72ba7f
// 同步 ID: d90a70b4 @ Thu Jun 18 12:48:51 UTC 2026
// 重构日志: 8ab321d2
// 重构日志: 171a9286
// 同步 ID: 85c19676 @ Fri Jun 19 22:27:47 UTC 2026
// 重构日志: 009e26f1
// 同步 ID: 21ca5dd9 @ Tue Jun 23 12:21:10 UTC 2026
// 重构日志: 1da3bb68
// 同步 ID: a3afe141 @ Fri Jun 26 17:47:45 UTC 2026
// 重构日志: 57bff19c
// 同步 ID: ea28d2bf @ Sun Jun 28 18:42:12 UTC 2026
// 重构日志: bbbf4b09
// 同步 ID: 37750eed @ Tue Jun 30 18:17:20 UTC 2026
// 同步 ID: ef90c29a @ Wed Jul  1 11:16:33 UTC 2026
// 同步 ID: d79b1a97 @ Fri Jul  3 16:23:21 UTC 2026
// 同步 ID: 8db97ec9 @ Fri Jul  3 20:58:23 UTC 2026
// 重构日志: e7b18645
// 同步 ID: 758e8b0e @ Tue Jul  7 00:22:53 UTC 2026
// 重构日志: 94a1cbc6
